   ********************************************
   ***                                      ***
   ***           FoldX 3.0 Beta 5.1 (c)     ***
   ***                                      ***
   ***     code by the FoldX consortium     ***
   ***                                      ***
   ***     Jesper Borg, Frederic Rousseau   ***
   ***    Joost Schymkowitz, Luis Serrano   ***
   ***        and Francois Stricher         ***
   *** and any other of the 5! permutations ***
   ***   based on an original concept by    ***
   ***   Raphael Guerois and Luis Serrano   ***
   ********************************************


Make a choice by entering a number.
1 - Single Run
2 - Batch Run
3 - Run File
4 - Default Single
5 - Default Batch
9 - end
: 
enter a valid runfile > 
 Error in batchfile list.txt - line 3:  will not be included in run.
Start time of FoldX: Tue Jan  8 13:33:53 2013

Model_1_24-438.pdb
1 models read.

BackHbond       =               -181.15
SideHbond       =               -25.76
Energy_VdW      =               -495.13
Electro         =               -0.56
Energy_SolvP    =               714.73
Energy_SolvH    =               -635.69
Energy_vdwclash =               1243.67
energy_torsion  =               161.20
backbone_vdwclash=              556.40
Entropy_sidec   =               209.99
Entropy_mainc   =               780.61
water bonds     =               0.00
helix dipole    =               -0.92
loop_entropy    =               0.00
cis_bond        =               6.06
disulfide       =               0.00
kn electrostatic=               0.00
partial covalent interactions = 0.00
Energy_Ionisation =             0.34
Entropy Complex =               0.00
-----------------------------------------------------------
Total          = 				  1777.39

Residue ARG232 identified.
running mutagenesis ARGA232 in ARG
0 MOVING NEIGHBOUR RESIDUE = 207 LEU
0 MOVING NEIGHBOUR RESIDUE = 203 VAL
Residue Number= 232 ARG	
BackHbond       =               -181.87
SideHbond       =               -26.48
Energy_VdW      =               -495.78
Electro         =               -0.71
Energy_SolvP    =               715.55
Energy_SolvH    =               -636.59
Energy_vdwclash =               1243.46
energy_torsion  =               162.06
backbone_vdwclash=              556.56
Entropy_sidec   =               211.18
Entropy_mainc   =               780.51
water bonds     =               0.00
helix dipole    =               -0.92
loop_entropy    =               0.00
cis_bond        =               6.06
disulfide       =               0.00
kn electrostatic=               0.00
partial covalent interactions = 0.00
Energy_Ionisation =             0.34
Entropy Complex =               0.00
-----------------------------------------------------------
Total          = 				  1776.80

running mutagenesis ARGA232 in GLY
1 MOVING NEIGHBOUR RESIDUE = 207 LEU
1 MOVING NEIGHBOUR RESIDUE = 203 VAL
Residue Number= 232 GLY	
BackHbond       =               -181.15
SideHbond       =               -25.76
Energy_VdW      =               -494.88
Electro         =               -0.56
Energy_SolvP    =               714.26
Energy_SolvH    =               -635.55
Energy_vdwclash =               1243.45
energy_torsion  =               161.55
backbone_vdwclash=              556.31
Entropy_sidec   =               209.99
Entropy_mainc   =               780.70
water bonds     =               0.00
helix dipole    =               -0.92
loop_entropy    =               0.00
cis_bond        =               6.06
disulfide       =               0.00
kn electrostatic=               0.00
partial covalent interactions = 0.00
Energy_Ionisation =             0.34
Entropy Complex =               0.00
-----------------------------------------------------------
Total          = 				  1777.53

running mutagenesis ARGA232 in ALA
2 MOVING NEIGHBOUR RESIDUE = 207 LEU
2 MOVING NEIGHBOUR RESIDUE = 203 VAL
Residue Number= 232 ALA	
BackHbond       =               -181.15
SideHbond       =               -25.76
Energy_VdW      =               -495.04
Electro         =               -0.56
Energy_SolvP    =               714.55
Energy_SolvH    =               -635.72
Energy_vdwclash =               1243.45
energy_torsion  =               161.58
backbone_vdwclash=              556.39
Entropy_sidec   =               210.00
Entropy_mainc   =               781.09
water bonds     =               0.00
helix dipole    =               -0.92
loop_entropy    =               0.00
cis_bond        =               6.06
disulfide       =               0.00
kn electrostatic=               0.00
partial covalent interactions = 0.00
Energy_Ionisation =             0.34
Entropy Complex =               0.00
-----------------------------------------------------------
Total          = 				  1777.91

running mutagenesis ARGA232 in LEU
3 MOVING NEIGHBOUR RESIDUE = 207 LEU
3 MOVING NEIGHBOUR RESIDUE = 203 VAL
Residue Number= 232 LEU	
BackHbond       =               -181.19
SideHbond       =               -25.76
Energy_VdW      =               -495.96
Electro         =               -0.56
Energy_SolvP    =               715.58
Energy_SolvH    =               -637.09
Energy_vdwclash =               1243.46
energy_torsion  =               161.82
backbone_vdwclash=              556.64
Entropy_sidec   =               210.47
Entropy_mainc   =               780.69
water bonds     =               0.00
helix dipole    =               -0.92
loop_entropy    =               0.00
cis_bond        =               6.06
disulfide       =               0.00
kn electrostatic=               0.00
partial covalent interactions = 0.00
Energy_Ionisation =             0.34
Entropy Complex =               0.00
-----------------------------------------------------------
Total          = 				  1776.93

running mutagenesis ARGA232 in VAL
4 MOVING NEIGHBOUR RESIDUE = 207 LEU
4 MOVING NEIGHBOUR RESIDUE = 203 VAL
Residue Number= 232 VAL	
BackHbond       =               -181.16
SideHbond       =               -25.76
Energy_VdW      =               -495.53
Electro         =               -0.56
Energy_SolvP    =               715.30
Energy_SolvH    =               -636.30
Energy_vdwclash =               1244.17
energy_torsion  =               161.60
backbone_vdwclash=              556.55
Entropy_sidec   =               210.16
Entropy_mainc   =               780.85
water bonds     =               0.00
helix dipole    =               -0.92
loop_entropy    =               0.00
cis_bond        =               6.06
disulfide       =               0.00
kn electrostatic=               0.00
partial covalent interactions = 0.00
Energy_Ionisation =             0.34
Entropy Complex =               0.00
-----------------------------------------------------------
Total          = 				  1778.25

running mutagenesis ARGA232 in ILE
5 MOVING NEIGHBOUR RESIDUE = 207 LEU
5 MOVING NEIGHBOUR RESIDUE = 203 VAL
Residue Number= 232 ILE	
BackHbond       =               -181.16
SideHbond       =               -25.76
Energy_VdW      =               -495.58
Electro         =               -0.56
Energy_SolvP    =               715.20
Energy_SolvH    =               -636.49
Energy_vdwclash =               1243.45
energy_torsion  =               162.08
backbone_vdwclash=              556.49
Entropy_sidec   =               210.26
Entropy_mainc   =               780.61
water bonds     =               0.00
helix dipole    =               -0.92
loop_entropy    =               0.00
cis_bond        =               6.06
disulfide       =               0.00
kn electrostatic=               0.00
partial covalent interactions = 0.00
Energy_Ionisation =             0.34
Entropy Complex =               0.00
-----------------------------------------------------------
Total          = 				  1777.52

running mutagenesis ARGA232 in PRO
6 MOVING NEIGHBOUR RESIDUE = 207 LEU
6 MOVING NEIGHBOUR RESIDUE = 203 VAL
Residue Number= 232 PRO	
BackHbond       =               -179.94
SideHbond       =               -25.76
Energy_VdW      =               -495.65
Electro         =               -0.56
Energy_SolvP    =               714.99
Energy_SolvH    =               -636.73
Energy_vdwclash =               1246.04
energy_torsion  =               161.61
backbone_vdwclash=              555.14
Entropy_sidec   =               210.35
Entropy_mainc   =               778.73
water bonds     =               0.00
helix dipole    =               -0.92
loop_entropy    =               0.00
cis_bond        =               6.06
disulfide       =               0.00
kn electrostatic=               0.00
partial covalent interactions = 0.00
Energy_Ionisation =             0.34
Entropy Complex =               0.00
-----------------------------------------------------------
Total          = 				  1778.54

running mutagenesis ARGA232 in ARG
7 MOVING NEIGHBOUR RESIDUE = 207 LEU
7 MOVING NEIGHBOUR RESIDUE = 203 VAL
Residue Number= 232 ARG	
BackHbond       =               -181.87
SideHbond       =               -26.48
Energy_VdW      =               -495.79
Electro         =               -0.71
Energy_SolvP    =               715.55
Energy_SolvH    =               -636.60
Energy_vdwclash =               1243.46
energy_torsion  =               162.08
backbone_vdwclash=              556.56
Entropy_sidec   =               211.19
Entropy_mainc   =               780.51
water bonds     =               0.00
helix dipole    =               -0.92
loop_entropy    =               0.00
cis_bond        =               6.06
disulfide       =               0.00
kn electrostatic=               0.00
partial covalent interactions = 0.00
Energy_Ionisation =             0.34
Entropy Complex =               0.00
-----------------------------------------------------------
Total          = 				  1776.81

running mutagenesis ARGA232 in THR
8 MOVING NEIGHBOUR RESIDUE = 207 LEU
8 MOVING NEIGHBOUR RESIDUE = 203 VAL
Residue Number= 232 THR	
BackHbond       =               -181.74
SideHbond       =               -26.40
Energy_VdW      =               -495.33
Electro         =               -0.56
Energy_SolvP    =               715.17
Energy_SolvH    =               -635.94
Energy_vdwclash =               1243.45
energy_torsion  =               161.60
backbone_vdwclash=              556.49
Entropy_sidec   =               210.56
Entropy_mainc   =               780.65
water bonds     =               0.00
helix dipole    =               -0.92
loop_entropy    =               0.00
cis_bond        =               6.06
disulfide       =               0.00
kn electrostatic=               0.00
partial covalent interactions = 0.00
Energy_Ionisation =             0.34
Entropy Complex =               0.00
-----------------------------------------------------------
Total          = 				  1776.95

running mutagenesis ARGA232 in SER
9 MOVING NEIGHBOUR RESIDUE = 207 LEU
9 MOVING NEIGHBOUR RESIDUE = 203 VAL
Residue Number= 232 SER	
BackHbond       =               -181.74
SideHbond       =               -26.40
Energy_VdW      =               -495.19
Electro         =               -0.56
Energy_SolvP    =               714.95
Energy_SolvH    =               -635.75
Energy_vdwclash =               1243.45
energy_torsion  =               161.61
backbone_vdwclash=              556.41
Entropy_sidec   =               210.53
Entropy_mainc   =               780.67
water bonds     =               0.00
helix dipole    =               -0.92
loop_entropy    =               0.00
cis_bond        =               6.06
disulfide       =               0.00
kn electrostatic=               0.00
partial covalent interactions = 0.00
Energy_Ionisation =             0.34
Entropy Complex =               0.00
-----------------------------------------------------------
Total          = 				  1777.06

running mutagenesis ARGA232 in CYS
10 MOVING NEIGHBOUR RESIDUE = 207 LEU
10 MOVING NEIGHBOUR RESIDUE = 203 VAL
Residue Number= 232 CYS	
BackHbond       =               -181.23
SideHbond       =               -25.88
Energy_VdW      =               -495.36
Electro         =               -0.56
Energy_SolvP    =               714.91
Energy_SolvH    =               -636.06
Energy_vdwclash =               1243.45
energy_torsion  =               161.62
backbone_vdwclash=              556.47
Entropy_sidec   =               210.30
Entropy_mainc   =               780.87
water bonds     =               0.00
helix dipole    =               -0.92
loop_entropy    =               0.00
cis_bond        =               6.06
disulfide       =               0.00
kn electrostatic=               0.00
partial covalent interactions = 0.00
Energy_Ionisation =             0.34
Entropy Complex =               0.00
-----------------------------------------------------------
Total          = 				  1777.53

running mutagenesis ARGA232 in MET
11 MOVING NEIGHBOUR RESIDUE = 207 LEU
11 MOVING NEIGHBOUR RESIDUE = 203 VAL
Residue Number= 232 MET	
BackHbond       =               -181.19
SideHbond       =               -25.76
Energy_VdW      =               -496.08
Electro         =               -0.56
Energy_SolvP    =               715.60
Energy_SolvH    =               -637.34
Energy_vdwclash =               1243.46
energy_torsion  =               161.64
backbone_vdwclash=              556.67
Entropy_sidec   =               210.61
Entropy_mainc   =               781.00
water bonds     =               0.00
helix dipole    =               -0.92
loop_entropy    =               0.00
cis_bond        =               6.06
disulfide       =               0.00
kn electrostatic=               0.00
partial covalent interactions = 0.00
Energy_Ionisation =             0.34
Entropy Complex =               0.00
-----------------------------------------------------------
Total          = 				  1776.86

running mutagenesis ARGA232 in LYS
12 MOVING NEIGHBOUR RESIDUE = 207 LEU
12 MOVING NEIGHBOUR RESIDUE = 203 VAL
Residue Number= 232 LYS	
BackHbond       =               -181.17
SideHbond       =               -25.76
Energy_VdW      =               -495.60
Electro         =               -0.64
Energy_SolvP    =               715.20
Energy_SolvH    =               -636.55
Energy_vdwclash =               1243.45
energy_torsion  =               161.60
backbone_vdwclash=              556.49
Entropy_sidec   =               210.37
Entropy_mainc   =               780.65
water bonds     =               0.00
helix dipole    =               -0.92
loop_entropy    =               0.00
cis_bond        =               6.06
disulfide       =               0.00
kn electrostatic=               0.00
partial covalent interactions = 0.00
Energy_Ionisation =             0.34
Entropy Complex =               0.00
-----------------------------------------------------------
Total          = 				  1777.02

running mutagenesis ARGA232 in GLU
13 MOVING NEIGHBOUR RESIDUE = 207 LEU
13 MOVING NEIGHBOUR RESIDUE = 203 VAL
Residue Number= 232 GLU	
BackHbond       =               -181.16
SideHbond       =               -25.76
Energy_VdW      =               -495.39
Electro         =               -0.56
Energy_SolvP    =               714.95
Energy_SolvH    =               -636.19
Energy_vdwclash =               1243.45
energy_torsion  =               161.59
backbone_vdwclash=              556.43
Entropy_sidec   =               210.20
Entropy_mainc   =               780.78
water bonds     =               0.00
helix dipole    =               -0.92
loop_entropy    =               0.00
cis_bond        =               6.06
disulfide       =               0.00
kn electrostatic=               0.00
partial covalent interactions = 0.00
Energy_Ionisation =             0.34
Entropy Complex =               0.00
-----------------------------------------------------------
Total          = 				  1777.37

running mutagenesis ARGA232 in GLN
14 MOVING NEIGHBOUR RESIDUE = 207 LEU
14 MOVING NEIGHBOUR RESIDUE = 203 VAL
Residue Number= 232 GLN	
BackHbond       =               -181.55
SideHbond       =               -26.15
Energy_VdW      =               -495.50
Electro         =               -0.56
Energy_SolvP    =               715.19
Energy_SolvH    =               -636.25
Energy_vdwclash =               1243.45
energy_torsion  =               161.63
backbone_vdwclash=              556.52
Entropy_sidec   =               210.61
Entropy_mainc   =               780.67
water bonds     =               0.00
helix dipole    =               -0.92
loop_entropy    =               0.00
cis_bond        =               6.06
disulfide       =               0.00
kn electrostatic=               0.00
partial covalent interactions = 0.00
Energy_Ionisation =             0.34
Entropy Complex =               0.00
-----------------------------------------------------------
Total          = 				  1777.03

running mutagenesis ARGA232 in ASP
15 MOVING NEIGHBOUR RESIDUE = 207 LEU
15 MOVING NEIGHBOUR RESIDUE = 203 VAL
Residue Number= 232 ASP	
BackHbond       =               -181.15
SideHbond       =               -25.76
Energy_VdW      =               -495.12
Electro         =               -0.50
Energy_SolvP    =               714.66
Energy_SolvH    =               -635.82
Energy_vdwclash =               1243.45
energy_torsion  =               161.58
backbone_vdwclash=              556.38
Entropy_sidec   =               210.05
Entropy_mainc   =               780.45
water bonds     =               0.00
helix dipole    =               -0.92
loop_entropy    =               0.00
cis_bond        =               6.06
disulfide       =               0.00
kn electrostatic=               0.00
partial covalent interactions = 0.00
Energy_Ionisation =             0.34
Entropy Complex =               0.00
-----------------------------------------------------------
Total          = 				  1777.32

running mutagenesis ARGA232 in ASN
16 MOVING NEIGHBOUR RESIDUE = 207 LEU
16 MOVING NEIGHBOUR RESIDUE = 203 VAL
Residue Number= 232 ASN	
BackHbond       =               -181.74
SideHbond       =               -26.38
Energy_VdW      =               -495.53
Electro         =               -0.56
Energy_SolvP    =               715.40
Energy_SolvH    =               -636.15
Energy_vdwclash =               1243.45
energy_torsion  =               161.76
backbone_vdwclash=              556.52
Entropy_sidec   =               210.76
Entropy_mainc   =               780.15
water bonds     =               0.00
helix dipole    =               -0.92
loop_entropy    =               0.00
cis_bond        =               6.06
disulfide       =               0.00
kn electrostatic=               0.00
partial covalent interactions = 0.00
Energy_Ionisation =             0.34
Entropy Complex =               0.00
-----------------------------------------------------------
Total          = 				  1776.65

running mutagenesis ARGA232 in TRP
17 MOVING NEIGHBOUR RESIDUE = 207 LEU
17 MOVING NEIGHBOUR RESIDUE = 203 VAL
Residue Number= 232 TRP	
BackHbond       =               -181.19
SideHbond       =               -25.76
Energy_VdW      =               -496.14
Electro         =               -0.56
Energy_SolvP    =               715.73
Energy_SolvH    =               -637.23
Energy_vdwclash =               1243.47
energy_torsion  =               161.61
backbone_vdwclash=              556.67
Entropy_sidec   =               210.65
Entropy_mainc   =               780.80
water bonds     =               0.00
helix dipole    =               -0.92
loop_entropy    =               0.00
cis_bond        =               6.06
disulfide       =               0.00
kn electrostatic=               0.00
partial covalent interactions = 0.00
Energy_Ionisation =             0.34
Entropy Complex =               0.00
-----------------------------------------------------------
Total          = 				  1776.85

running mutagenesis ARGA232 in TYR
18 MOVING NEIGHBOUR RESIDUE = 207 LEU
18 MOVING NEIGHBOUR RESIDUE = 203 VAL
Residue Number= 232 TYR	
BackHbond       =               -181.19
SideHbond       =               -25.76
Energy_VdW      =               -496.13
Electro         =               -0.56
Energy_SolvP    =               715.54
Energy_SolvH    =               -637.27
Energy_vdwclash =               1243.47
energy_torsion  =               161.59
backbone_vdwclash=              556.54
Entropy_sidec   =               210.66
Entropy_mainc   =               780.77
water bonds     =               0.00
helix dipole    =               -0.92
loop_entropy    =               0.00
cis_bond        =               6.06
disulfide       =               0.00
kn electrostatic=               0.00
partial covalent interactions = 0.00
Energy_Ionisation =             0.34
Entropy Complex =               0.00
-----------------------------------------------------------
Total          = 				  1776.59

running mutagenesis ARGA232 in PHE
19 MOVING NEIGHBOUR RESIDUE = 207 LEU
19 MOVING NEIGHBOUR RESIDUE = 203 VAL
Residue Number= 232 PHE	
BackHbond       =               -181.19
SideHbond       =               -25.76
Energy_VdW      =               -496.24
Electro         =               -0.56
Energy_SolvP    =               715.59
Energy_SolvH    =               -637.46
Energy_vdwclash =               1243.51
energy_torsion  =               161.59
backbone_vdwclash=              556.70
Entropy_sidec   =               210.70
Entropy_mainc   =               780.76
water bonds     =               0.00
helix dipole    =               -0.92
loop_entropy    =               0.00
cis_bond        =               6.06
disulfide       =               0.00
kn electrostatic=               0.00
partial covalent interactions = 0.00
Energy_Ionisation =             0.34
Entropy Complex =               0.00
-----------------------------------------------------------
Total          = 				  1776.41

running mutagenesis ARGA232 in HIS
20 MOVING NEIGHBOUR RESIDUE = 207 LEU
20 MOVING NEIGHBOUR RESIDUE = 203 VAL
Residue Number= 232 H1S	
BackHbond       =               -181.61
SideHbond       =               -26.22
Energy_VdW      =               -495.90
Electro         =               -0.56
Energy_SolvP    =               715.91
Energy_SolvH    =               -636.59
Energy_vdwclash =               1243.46
energy_torsion  =               161.62
backbone_vdwclash=              556.61
Entropy_sidec   =               210.93
Entropy_mainc   =               780.51
water bonds     =               0.00
helix dipole    =               -0.92
loop_entropy    =               0.00
cis_bond        =               6.06
disulfide       =               0.00
kn electrostatic=               0.00
partial covalent interactions = 0.00
Energy_Ionisation =             0.42
Entropy Complex =               0.00
-----------------------------------------------------------
Total          = 				  1777.10

Pdb Model_1_24-438.pdb runtime = 0.03 seconds.

total run time = 60.64 seconds.

End time of FoldX: Tue Jan  8 13:34:53 2013

Total time spend: 60 seconds.

 *** End of FoldX run. Bye. *** 
