   ********************************************
   ***                                      ***
   ***           FoldX 3.0 Beta 5.1 (c)     ***
   ***                                      ***
   ***     code by the FoldX consortium     ***
   ***                                      ***
   ***     Jesper Borg, Frederic Rousseau   ***
   ***    Joost Schymkowitz, Luis Serrano   ***
   ***        and Francois Stricher         ***
   *** and any other of the 5! permutations ***
   ***   based on an original concept by    ***
   ***   Raphael Guerois and Luis Serrano   ***
   ********************************************


Make a choice by entering a number.
1 - Single Run
2 - Batch Run
3 - Run File
4 - Default Single
5 - Default Batch
9 - end
: 
enter a valid runfile > 
 Error in batchfile list.txt - line 3:  will not be included in run.
Start time of FoldX: Tue Jan  8 11:39:04 2013

Model_1_415-463.pdb
1 models read.

BackHbond       =               -29.64
SideHbond       =               -3.46
Energy_VdW      =               -44.36
Electro         =               -0.53
Energy_SolvP    =               65.28
Energy_SolvH    =               -54.36
Energy_vdwclash =               27.92
energy_torsion  =               5.15
backbone_vdwclash=              53.63
Entropy_sidec   =               18.66
Entropy_mainc   =               73.72
water bonds     =               0.00
helix dipole    =               0.18
loop_entropy    =               0.00
cis_bond        =               0.00
disulfide       =               0.00
kn electrostatic=               0.00
partial covalent interactions = 0.00
Energy_Ionisation =             0.00
Entropy Complex =               0.00
-----------------------------------------------------------
Total          = 				  58.56

Specified residue not found.
no mutations performed.
Pdb Model_1_415-463.pdb runtime = 0.00 seconds.

total run time = 0.21 seconds.

End time of FoldX: Tue Jan  8 11:39:04 2013

Total time spend: 0 seconds.

 *** End of FoldX run. Bye. *** 
